<?xml version="1.0" encoding="UTF-8"?>
<testsuite xmlns:xsi="http://www.w3.org/2001/XMLSchema-instance" xsi:noNamespaceSchemaLocation="https://maven.apache.org/surefire/maven-failsafe-plugin/xsd/failsafe-test-report.xsd" name="demo.Junit4IT" time="0.086" tests="1" errors="0" skipped="0" failures="0">
  <properties>
    <property name="sun.desktop" value="windows"/>
    <property name="awt.toolkit" value="sun.awt.windows.WToolkit"/>
    <property name="java.specification.version" value="11"/>
    <property name="sun.cpu.isalist" value="amd64"/>
    <property name="sun.jnu.encoding" value="Cp1252"/>
    <property name="java.class.path" value="D:\Zafin\my-webapp\target\test-classes;D:\Zafin\my-webapp\target\classes;C:\Users\Geico\.m2\repository\junit\junit\4.12\junit-4.12.jar;C:\Users\Geico\.m2\repository\org\hamcrest\hamcrest-core\1.3\hamcrest-core-1.3.jar;C:\Users\Geico\.m2\repository\org\apache\maven\plugins\maven-scm-plugin\1.8.1\maven-scm-plugin-1.8.1.jar;C:\Users\Geico\.m2\repository\org\apache\maven\maven-project\2.0.6\maven-project-2.0.6.jar;C:\Users\Geico\.m2\repository\org\apache\maven\maven-profile\2.0.6\maven-profile-2.0.6.jar;C:\Users\Geico\.m2\repository\org\apache\maven\maven-model\2.0.6\maven-model-2.0.6.jar;C:\Users\Geico\.m2\repository\org\apache\maven\maven-artifact-manager\2.0.6\maven-artifact-manager-2.0.6.jar;C:\Users\Geico\.m2\repository\org\apache\maven\maven-repository-metadata\2.0.6\maven-repository-metadata-2.0.6.jar;C:\Users\Geico\.m2\repository\org\apache\maven\wagon\wagon-provider-api\1.0-beta-2\wagon-provider-api-1.0-beta-2.jar;C:\Users\Geico\.m2\repository\org\apache\maven\maven-plugin-registry\2.0.6\maven-plugin-registry-2.0.6.jar;C:\Users\Geico\.m2\repository\org\apache\maven\maven-artifact\2.0.6\maven-artifact-2.0.6.jar;C:\Users\Geico\.m2\repository\org\codehaus\plexus\plexus-container-default\1.0-alpha-9-stable-1\plexus-container-default-1.0-alpha-9-stable-1.jar;C:\Users\Geico\.m2\repository\classworlds\classworlds\1.1-alpha-2\classworlds-1.1-alpha-2.jar;C:\Users\Geico\.m2\repository\org\apache\maven\maven-settings\2.0.6\maven-settings-2.0.6.jar;C:\Users\Geico\.m2\repository\org\apache\maven\maven-plugin-api\2.0.6\maven-plugin-api-2.0.6.jar;C:\Users\Geico\.m2\repository\org\apache\maven\scm\maven-scm-manager-plexus\1.8.1\maven-scm-manager-plexus-1.8.1.jar;C:\Users\Geico\.m2\repository\org\apache\maven\scm\maven-scm-api\1.8.1\maven-scm-api-1.8.1.jar;C:\Users\Geico\.m2\repository\org\apache\maven\scm\maven-scm-provider-accurev\1.8.1\maven-scm-provider-accurev-1.8.1.jar;C:\Users\Geico\.m2\repository\org\apache\maven\scm\maven-scm-provider-bazaar\1.8.1\maven-scm-provider-bazaar-1.8.1.jar;C:\Users\Geico\.m2\repository\regexp\regexp\1.3\regexp-1.3.jar;C:\Users\Geico\.m2\repository\org\apache\maven\scm\maven-scm-provider-clearcase\1.8.1\maven-scm-provider-clearcase-1.8.1.jar;C:\Users\Geico\.m2\repository\org\apache\maven\scm\maven-scm-provider-cvsexe\1.8.1\maven-scm-provider-cvsexe-1.8.1.jar;C:\Users\Geico\.m2\repository\org\apache\maven\scm\maven-scm-provider-cvs-commons\1.8.1\maven-scm-provider-cvs-commons-1.8.1.jar;C:\Users\Geico\.m2\repository\org\apache\maven\scm\maven-scm-provider-cvsjava\1.8.1\maven-scm-provider-cvsjava-1.8.1.jar;C:\Users\Geico\.m2\repository\org\netbeans\lib\cvsclient\20060125\cvsclient-20060125.jar;C:\Users\Geico\.m2\repository\ch\ethz\ganymed\ganymed-ssh2\build210\ganymed-ssh2-build210.jar;C:\Users\Geico\.m2\repository\org\apache\maven\scm\maven-scm-provider-gitexe\1.8.1\maven-scm-provider-gitexe-1.8.1.jar;C:\Users\Geico\.m2\repository\commons-io\commons-io\2.2\commons-io-2.2.jar;C:\Users\Geico\.m2\repository\commons-lang\commons-lang\2.6\commons-lang-2.6.jar;C:\Users\Geico\.m2\repository\org\apache\maven\scm\maven-scm-provider-git-commons\1.8.1\maven-scm-provider-git-commons-1.8.1.jar;C:\Users\Geico\.m2\repository\org\apache\maven\scm\maven-scm-provider-hg\1.8.1\maven-scm-provider-hg-1.8.1.jar;C:\Users\Geico\.m2\repository\org\apache\maven\scm\maven-scm-provider-perforce\1.8.1\maven-scm-provider-perforce-1.8.1.jar;C:\Users\Geico\.m2\repository\org\apache\maven\scm\maven-scm-provider-starteam\1.8.1\maven-scm-provider-starteam-1.8.1.jar;C:\Users\Geico\.m2\repository\org\apache\maven\scm\maven-scm-provider-svnexe\1.8.1\maven-scm-provider-svnexe-1.8.1.jar;C:\Users\Geico\.m2\repository\org\apache\maven\scm\maven-scm-provider-synergy\1.8.1\maven-scm-provider-synergy-1.8.1.jar;C:\Users\Geico\.m2\repository\org\apache\maven\scm\maven-scm-provider-vss\1.8.1\maven-scm-provider-vss-1.8.1.jar;C:\Users\Geico\.m2\repository\org\apache\maven\scm\maven-scm-provider-tfs\1.8.1\maven-scm-provider-tfs-1.8.1.jar;C:\Users\Geico\.m2\repository\org\apache\maven\scm\maven-scm-provider-integrity\1.8.1\maven-scm-provider-integrity-1.8.1.jar;C:\Users\Geico\.m2\repository\com\mks\api\mksapi-jar\4.10.9049\mksapi-jar-4.10.9049.jar;C:\Users\Geico\.m2\repository\org\codehaus\groovy\groovy-all\1.7.6\groovy-all-1.7.6.jar;C:\Users\Geico\.m2\repository\org\apache\maven\scm\maven-scm-provider-jazz\1.8.1\maven-scm-provider-jazz-1.8.1.jar;C:\Users\Geico\.m2\repository\org\mockito\mockito-core\1.9.0\mockito-core-1.9.0.jar;C:\Users\Geico\.m2\repository\org\objenesis\objenesis\1.0\objenesis-1.0.jar;C:\Users\Geico\.m2\repository\org\apache\maven\scm\maven-scm-provider-local\1.8.1\maven-scm-provider-local-1.8.1.jar;C:\Users\Geico\.m2\repository\org\apache\maven\scm\maven-scm-provider-svn-commons\1.8.1\maven-scm-provider-svn-commons-1.8.1.jar;C:\Users\Geico\.m2\repository\org\codehaus\plexus\plexus-utils\3.0.7\plexus-utils-3.0.7.jar;C:\Users\Geico\.m2\repository\org\apache\maven\shared\file-management\1.2.1\file-management-1.2.1.jar;C:\Users\Geico\.m2\repository\org\apache\maven\shared\maven-shared-io\1.1\maven-shared-io-1.1.jar;C:\Users\Geico\.m2\repository\org\sonatype\plexus\plexus-sec-dispatcher\1.3\plexus-sec-dispatcher-1.3.jar;C:\Users\Geico\.m2\repository\org\sonatype\plexus\plexus-cipher\1.4\plexus-cipher-1.4.jar;"/>
    <property name="java.vm.vendor" value="Oracle Corporation"/>
    <property name="sun.arch.data.model" value="64"/>
    <property name="user.variant" value=""/>
    <property name="java.vendor.url" value="https://openjdk.java.net/"/>
    <property name="user.timezone" value="Asia/Calcutta"/>
    <property name="java.vm.specification.version" value="11"/>
    <property name="os.name" value="Windows 10"/>
    <property name="sun.java.launcher" value="SUN_STANDARD"/>
    <property name="user.country" value="IN"/>
    <property name="sun.boot.library.path" value="C:\Program Files (x86)\Java\jdk-11\bin"/>
    <property name="sun.java.command" value="C:\Users\Geico\AppData\Local\Temp\surefire15074645854917065165\surefirebooter17301095628428143625.jar C:\Users\Geico\AppData\Local\Temp\surefire15074645854917065165 2023-08-17T15-01-07_331-jvmRun1 surefire4257903342642915725tmp surefire_017626717537097894848tmp"/>
    <property name="jdk.debug" value="release"/>
    <property name="surefire.test.class.path" value="D:\Zafin\my-webapp\target\test-classes;D:\Zafin\my-webapp\target\classes;C:\Users\Geico\.m2\repository\junit\junit\4.12\junit-4.12.jar;C:\Users\Geico\.m2\repository\org\hamcrest\hamcrest-core\1.3\hamcrest-core-1.3.jar;C:\Users\Geico\.m2\repository\org\apache\maven\plugins\maven-scm-plugin\1.8.1\maven-scm-plugin-1.8.1.jar;C:\Users\Geico\.m2\repository\org\apache\maven\maven-project\2.0.6\maven-project-2.0.6.jar;C:\Users\Geico\.m2\repository\org\apache\maven\maven-profile\2.0.6\maven-profile-2.0.6.jar;C:\Users\Geico\.m2\repository\org\apache\maven\maven-model\2.0.6\maven-model-2.0.6.jar;C:\Users\Geico\.m2\repository\org\apache\maven\maven-artifact-manager\2.0.6\maven-artifact-manager-2.0.6.jar;C:\Users\Geico\.m2\repository\org\apache\maven\maven-repository-metadata\2.0.6\maven-repository-metadata-2.0.6.jar;C:\Users\Geico\.m2\repository\org\apache\maven\wagon\wagon-provider-api\1.0-beta-2\wagon-provider-api-1.0-beta-2.jar;C:\Users\Geico\.m2\repository\org\apache\maven\maven-plugin-registry\2.0.6\maven-plugin-registry-2.0.6.jar;C:\Users\Geico\.m2\repository\org\apache\maven\maven-artifact\2.0.6\maven-artifact-2.0.6.jar;C:\Users\Geico\.m2\repository\org\codehaus\plexus\plexus-container-default\1.0-alpha-9-stable-1\plexus-container-default-1.0-alpha-9-stable-1.jar;C:\Users\Geico\.m2\repository\classworlds\classworlds\1.1-alpha-2\classworlds-1.1-alpha-2.jar;C:\Users\Geico\.m2\repository\org\apache\maven\maven-settings\2.0.6\maven-settings-2.0.6.jar;C:\Users\Geico\.m2\repository\org\apache\maven\maven-plugin-api\2.0.6\maven-plugin-api-2.0.6.jar;C:\Users\Geico\.m2\repository\org\apache\maven\scm\maven-scm-manager-plexus\1.8.1\maven-scm-manager-plexus-1.8.1.jar;C:\Users\Geico\.m2\repository\org\apache\maven\scm\maven-scm-api\1.8.1\maven-scm-api-1.8.1.jar;C:\Users\Geico\.m2\repository\org\apache\maven\scm\maven-scm-provider-accurev\1.8.1\maven-scm-provider-accurev-1.8.1.jar;C:\Users\Geico\.m2\repository\org\apache\maven\scm\maven-scm-provider-bazaar\1.8.1\maven-scm-provider-bazaar-1.8.1.jar;C:\Users\Geico\.m2\repository\regexp\regexp\1.3\regexp-1.3.jar;C:\Users\Geico\.m2\repository\org\apache\maven\scm\maven-scm-provider-clearcase\1.8.1\maven-scm-provider-clearcase-1.8.1.jar;C:\Users\Geico\.m2\repository\org\apache\maven\scm\maven-scm-provider-cvsexe\1.8.1\maven-scm-provider-cvsexe-1.8.1.jar;C:\Users\Geico\.m2\repository\org\apache\maven\scm\maven-scm-provider-cvs-commons\1.8.1\maven-scm-provider-cvs-commons-1.8.1.jar;C:\Users\Geico\.m2\repository\org\apache\maven\scm\maven-scm-provider-cvsjava\1.8.1\maven-scm-provider-cvsjava-1.8.1.jar;C:\Users\Geico\.m2\repository\org\netbeans\lib\cvsclient\20060125\cvsclient-20060125.jar;C:\Users\Geico\.m2\repository\ch\ethz\ganymed\ganymed-ssh2\build210\ganymed-ssh2-build210.jar;C:\Users\Geico\.m2\repository\org\apache\maven\scm\maven-scm-provider-gitexe\1.8.1\maven-scm-provider-gitexe-1.8.1.jar;C:\Users\Geico\.m2\repository\commons-io\commons-io\2.2\commons-io-2.2.jar;C:\Users\Geico\.m2\repository\commons-lang\commons-lang\2.6\commons-lang-2.6.jar;C:\Users\Geico\.m2\repository\org\apache\maven\scm\maven-scm-provider-git-commons\1.8.1\maven-scm-provider-git-commons-1.8.1.jar;C:\Users\Geico\.m2\repository\org\apache\maven\scm\maven-scm-provider-hg\1.8.1\maven-scm-provider-hg-1.8.1.jar;C:\Users\Geico\.m2\repository\org\apache\maven\scm\maven-scm-provider-perforce\1.8.1\maven-scm-provider-perforce-1.8.1.jar;C:\Users\Geico\.m2\repository\org\apache\maven\scm\maven-scm-provider-starteam\1.8.1\maven-scm-provider-starteam-1.8.1.jar;C:\Users\Geico\.m2\repository\org\apache\maven\scm\maven-scm-provider-svnexe\1.8.1\maven-scm-provider-svnexe-1.8.1.jar;C:\Users\Geico\.m2\repository\org\apache\maven\scm\maven-scm-provider-synergy\1.8.1\maven-scm-provider-synergy-1.8.1.jar;C:\Users\Geico\.m2\repository\org\apache\maven\scm\maven-scm-provider-vss\1.8.1\maven-scm-provider-vss-1.8.1.jar;C:\Users\Geico\.m2\repository\org\apache\maven\scm\maven-scm-provider-tfs\1.8.1\maven-scm-provider-tfs-1.8.1.jar;C:\Users\Geico\.m2\repository\org\apache\maven\scm\maven-scm-provider-integrity\1.8.1\maven-scm-provider-integrity-1.8.1.jar;C:\Users\Geico\.m2\repository\com\mks\api\mksapi-jar\4.10.9049\mksapi-jar-4.10.9049.jar;C:\Users\Geico\.m2\repository\org\codehaus\groovy\groovy-all\1.7.6\groovy-all-1.7.6.jar;C:\Users\Geico\.m2\repository\org\apache\maven\scm\maven-scm-provider-jazz\1.8.1\maven-scm-provider-jazz-1.8.1.jar;C:\Users\Geico\.m2\repository\org\mockito\mockito-core\1.9.0\mockito-core-1.9.0.jar;C:\Users\Geico\.m2\repository\org\objenesis\objenesis\1.0\objenesis-1.0.jar;C:\Users\Geico\.m2\repository\org\apache\maven\scm\maven-scm-provider-local\1.8.1\maven-scm-provider-local-1.8.1.jar;C:\Users\Geico\.m2\repository\org\apache\maven\scm\maven-scm-provider-svn-commons\1.8.1\maven-scm-provider-svn-commons-1.8.1.jar;C:\Users\Geico\.m2\repository\org\codehaus\plexus\plexus-utils\3.0.7\plexus-utils-3.0.7.jar;C:\Users\Geico\.m2\repository\org\apache\maven\shared\file-management\1.2.1\file-management-1.2.1.jar;C:\Users\Geico\.m2\repository\org\apache\maven\shared\maven-shared-io\1.1\maven-shared-io-1.1.jar;C:\Users\Geico\.m2\repository\org\sonatype\plexus\plexus-sec-dispatcher\1.3\plexus-sec-dispatcher-1.3.jar;C:\Users\Geico\.m2\repository\org\sonatype\plexus\plexus-cipher\1.4\plexus-cipher-1.4.jar;"/>
    <property name="sun.cpu.endian" value="little"/>
    <property name="user.home" value="C:\Users\Geico"/>
    <property name="user.language" value="en"/>
    <property name="java.specification.vendor" value="Oracle Corporation"/>
    <property name="java.version.date" value="2023-01-17"/>
    <property name="java.home" value="C:\Program Files (x86)\Java\jdk-11"/>
    <property name="file.separator" value="\"/>
    <property name="basedir" value="D:\Zafin\my-webapp"/>
    <property name="java.vm.compressedOopsMode" value="Zero based"/>
    <property name="line.separator" value="&#10;"/>
    <property name="java.specification.name" value="Java Platform API Specification"/>
    <property name="java.vm.specification.vendor" value="Oracle Corporation"/>
    <property name="java.awt.graphicsenv" value="sun.awt.Win32GraphicsEnvironment"/>
    <property name="surefire.real.class.path" value="C:\Users\Geico\AppData\Local\Temp\surefire15074645854917065165\surefirebooter17301095628428143625.jar"/>
    <property name="user.script" value=""/>
    <property name="sun.management.compiler" value="HotSpot 64-Bit Tiered Compilers"/>
    <property name="java.runtime.version" value="11.0.18+9-LTS-195"/>
    <property name="user.name" value="Geico"/>
    <property name="path.separator" value=";"/>
    <property name="os.version" value="10.0"/>
    <property name="java.runtime.name" value="Java(TM) SE Runtime Environment"/>
    <property name="file.encoding" value="Cp1252"/>
    <property name="java.vm.name" value="Java HotSpot(TM) 64-Bit Server VM"/>
    <property name="java.vendor.version" value="18.9"/>
    <property name="localRepository" value="C:\Users\Geico\.m2\repository"/>
    <property name="java.vendor.url.bug" value="https://bugreport.java.com/bugreport/"/>
    <property name="java.io.tmpdir" value="C:\Users\Geico\AppData\Local\Temp\"/>
    <property name="java.version" value="11.0.18"/>
    <property name="user.dir" value="D:\Zafin\my-webapp"/>
    <property name="os.arch" value="amd64"/>
    <property name="java.vm.specification.name" value="Java Virtual Machine Specification"/>
    <property name="java.awt.printerjob" value="sun.awt.windows.WPrinterJob"/>
    <property name="sun.os.patch.level" value=""/>
    <property name="java.library.path" value="C:\Program Files (x86)\Java\jdk-11\bin;C:\WINDOWS\Sun\Java\bin;C:\WINDOWS\system32;C:\WINDOWS;C:\Users\Geico\bin;C:\Program Files\Git\mingw64\bin;C:\Program Files\Git\usr\local\bin;C:\Program Files\Git\usr\bin;C:\Program Files\Git\usr\bin;C:\Program Files\Git\mingw64\bin;C:\Program Files\Git\usr\bin;C:\Users\Geico\bin;C:\Program Files\Common Files\Oracle\Java\javapath;C:\Program Files (x86)\Common Files\Oracle\Java\javapath;C:\Program Files (x86)\Microsoft SDKs\Azure\CLI2\wbin;C:\Program Files\Microsoft MPI\Bin;C:\WINDOWS\system32;C:\WINDOWS;C:\WINDOWS\System32\Wbem;C:\WINDOWS\System32\WindowsPowerShell\v1.0;C:\WINDOWS\System32\OpenSSH;C:\Program Files (x86)\Microsoft SQL Server\130\Tools\Binn;C:\Program Files\Microsoft SQL Server\130\Tools\Binn;C:\Program Files (x86)\Microsoft SQL Server\130\DTS\Binn;C:\Program Files\Microsoft SQL Server\130\DTS\Binn;C:\Program Files\Microsoft SQL Server\Client SDK\ODBC\130\Tools\Binn;C:\Program Files (x86)\Microsoft SQL Server\150\DTS\Binn;C:\Program Files\Git\cmd;C:\Terraform;C:\Program Files\nodejs;C:\newfolder\terraform;C:\Program Files\PuTTY;C:\Program Files\dotnet;C:\Program Files\TortoiseSVN\bin;C:\Users\Geico\Downloads\terraform_1.4.4_windows_amd64;C:\Program Files\Git LFS;C:\Program Files\Docker\Docker\resources\bin;C:\Program Files (x86)\Java\apache-maven-3.8.6\bin;C:\Program Files (x86)\Java\jdk-11\bin;C:\Users\Geico\AppData\Local\Programs\Microsoft VS Code\bin;C:\Users\Geico\.azure-kubectl;C:\Users\Geico\.azure-kubelogin;C:\Program Files (x86)\Java\jdk-20\bin;C:\Program Files (x86)\Java\apache-maven-3.8.6\bin;C:\Program Files\Git\usr\bin\vendor_perl;C:\Program Files\Git\usr\bin\core_perl;."/>
    <property name="java.vendor" value="Oracle Corporation"/>
    <property name="java.vm.info" value="mixed mode"/>
    <property name="java.vm.version" value="11.0.18+9-LTS-195"/>
    <property name="sun.io.unicode.encoding" value="UnicodeLittle"/>
    <property name="maven.repo.local" value="C:\Users\Geico\.m2\repository"/>
    <property name="java.class.version" value="55.0"/>
  </properties>
  <testcase name="testProperty" classname="demo.Junit4IT" time="0.003"/>
</testsuite>